         CityMPG+    HighwayMPG+    Weight-    Class-    avg num_evals
-----  ----------  -------------  ---------  --------  ---------------
all         23.09          29.98    2988.17     19.17                0
sway1     18.5345        25.8095    3614.04   32.2935             4.95
sway2     24.5125         31.091    3053.71     20.73             2.85
xpln1      19.282        26.6855    3488.35   27.9615             4.95
xpln2      24.068         30.682    3033.09    20.554             2.85
top       25.4205          31.31    3274.37    36.406               82

                CityMPG+    HighwayMPG+    Weight-    Class-
--------------  ----------  -------------  ---------  --------
all to all      =           =              =          =
all to sway1    ≠           ≠              ≠          ≠
sway1 to sway2  ≠           ≠              ≠          ≠
sway1 to xpln1  ≠           ≠              ≠          ≠
sway2 to xpln2  ≠           ≠              ≠          ≠
sway1 to top    ≠           ≠              ≠          ≠

        1       xpln2   *                  |                    ['  18.833', '  18.833', '  18.833', '  18.833', '  18.833']
        1       sway1   *------------------|--------            ['  21.123', '  27.978', '  27.978', '  27.978', '  27.978']
        1       sway2   -----*-            |                    ['  30.838', '  30.838', '  30.838', '  30.838', '  30.838']
        2       top.         *          ---|-                   ['  31.31', '  31.31', '  36.406', '  36.406', '  36.406']
        3       xpln1    ----*             |                    ['  28.041', '  28.041', '  28.041', '  28.041', '  28.041']
        4       all                        |                   *['  29.98', '  29.98', '  29.98', '  29.98', '  29.98']
