          Lbs-     Acc+     Mpg+    avg num_evals
-----  -------  -------  -------  ---------------
all    2977.58    15.54     23.8                0
sway1  2811.78   15.853   27.266                6
sway2  3027.43  15.8495   25.145                6
xpln1  2863.28  15.7675   24.122                6
xpln2  2867.28  19.3321   24.984                6
top    2873.57   20.658  35.5185              392

                Lbs-    Acc+    Mpg+
--------------  ------  ------  ------
all to all      =       =       =
all to sway1    ≠       ≠       ≠
sway1 to sway2  ≠       ≠       ≠
sway1 to xpln1  ≠       ≠       =
sway2 to xpln2  ≠       ≠       ≠
sway1 to top    ≠       ≠       ≠

        1       all     -*-               |                   ['  15.54', '  15.54', '  23.8', ' 23.8', ' 23.8']
        1       xpln1   -*-               |                   ['  15.7675', '  15.7675', '  24.122', ' 24.122', ' 24.122']
        1       sway2   -*-               |                   ['  15.8495', '  15.8495', '  25.145', ' 25.145', ' 25.145']
        1       sway1   -*-               |                   ['  15.853', '  15.853', ' 27.266', ' 27.266', ' 27.266']
        2       xpln2                     |          -*-      ['  19.3321', ' 19.3321', ' 24.9841', ' 24.984', ' 24.984']
        3       top                       |             -*-   ['  20.658', '  20.658', '  35.5185', ' 35.5185', ' 35.5185']
