         N_effort-    avg num_evals
-----  -----------  ---------------
all        4277.64                0
sway1      10298.2                6
sway2      12288.6                6
xpln1      3159.21                6
xpln2      3358.98                6
top        34027.6              499

                N_effort-
--------------  -----------
all to all      =
all to sway1    ≠
sway1 to sway2  ≠
sway1 to xpln1  ≠
sway2 to xpln2  ≠
sway1 to top    ≠

        1       xpln1    *                  |                    ['  3159.21', '  3159.21', '  3159.21', '  3159.21', '  3159.21']
        1       xpln2     -------*----------|--------            ['  3358.98', '  3358.98', '  3358.98', '  3358.98', '  3358.98']
        1       all         -----*-----     |                    ['  4277.64', '  4277.64', '  4277.64', '  4277.64', '  4277.64']
        2       sway1                *      |                    ['  10298.2', '  10298.2', '  10298.2', ' 10298.2',  '  10298.2']
        3       sway2                ----*  |                    ['  12288.6', '  12288.6', '  12288.6', '  12288.6', '  12288.6']
        4       top                         |                   *['  34027.6', '  34027.6', '  34027.6', '  34027.6', '  34027.6']
