          Loc+    Risk-    Effort-    avg num_evals
-----  -------  -------  ---------  ---------------
all    1009.04     6.59    30506.4                0
sway1  1001.15    8.783    36812.1                8
sway2  1012.97   9.1485    36236.1                8
xpln1  1008.65   6.9585    32987.6                8
xpln2  1045.45   7.0148    36437.2                8
top    1795.88  22.5655     203162            10000

                Loc+    Risk-    Effort-
--------------  ------  -------  ---------
all to all      =       =        =
all to sway1    =       ≠        ≠
sway1 to sway2  =       ≠        ≠
sway1 to xpln1  =       ≠        ≠
sway2 to xpln2  =       ≠        ≠
sway1 to top    ≠       ≠        ≠

        1       sway1        *              |                    ['  1001.15', '  1001.15', '  36812.1', ' 36812.1', ' 36812.1']
        1       xpln1             -*-----   |                    ['  1008.65', '  1008.65', '  32987.6', ' 32987.6', ' 32987.6']
        1       all                 -*------|                    ['  1009.04', '  1009.04', '  30506.4', ' 30506.4', ' 30506.4']
        1       sway2              --   *   |                    ['  1012.97', '  1012.97', '  36236.1', ' 36236.1', ' 36236.1']
        2       xpln2                       |   *                ['  1045.45', '  1045.45', '  36437.2', ' 36437.2', ' 36437.2']
        3       top                         |                   *['  1795.88', '  1795.88', '  203162', ' 203162', ' 203162']
