          LOC+    AEXP-    PLEX-    RISK-    EFFORT-    avg num_evals
-----  -------  -------  -------  -------  ---------  ---------------
all    1013.05     2.97     3.05     6.68    30807.5                0
sway1  1051.51   2.9765    3.155    6.714      33143              6.9
sway2  1053.46    2.971    3.107   8.6105    35454.3              6.9
xpln1  1004.39    2.831   3.0355    6.422    30034.2              6.9
xpln2  1004.39    2.986   3.0355    6.954    31075.8              6.9
top    1660.33   3.9385   4.1375    16.01     106609             1000

                LOC+    AEXP-    PLEX-    RISK-    EFFORT-
--------------  ------  -------  -------  -------  ---------
all to all      =       =        =        =        =
all to sway1    =       =        =        ≠        ≠
sway1 to sway2  ≠       =        ≠        ≠        ≠
sway1 to xpln1  =       =        =        ≠        ≠
sway2 to xpln2  ≠       =        =        ≠        ≠
sway1 to top    ≠       ≠        ≠        ≠        ≠

        1       xpln1    *                  |                    ['  2.831', '  2.831', '  2.831', ' 3.0355', ' 6.422']
        1       all           *             |                    ['  2.97', '  2.97', '  2.97', ' 3.05', ' 6.68']
        1       sway2          *            |                    ['  2.971', '  2.971', '  2.971', ' 3.107', ' 8.6105']
        1       sway1                *      |                    ['  2.9765', '  2.9765', '  2.9765', ' 3.155', ' 6.714']
        2       xpln2                   *   |                    ['  2.986', '  2.986', '  2.986', ' 3.0355', ' 6.954']
        3       top                         |          *         ['  3.9385', '  3.9385', '  3.9385', ' 4.1375', ' 16.01']
