          MRE-    ACC+    PRED40+    avg num_evals
-----  -------  ------  ---------  ---------------
all      92.29   -8.53      17.79                0
sway1  31.1035  -0.498     57.925                8
sway2   29.644  -0.424    59.1005                8
xpln1    32.38  -0.469     56.855                8
xpln2    36.43  -0.299     59.991                8
top          0       0      83.33            10000

                MRE-    ACC+    PRED40+
--------------  ------  ------  ---------
all to all      =       =       =
all to sway1    ≠       ≠       =
sway1 to sway2  ≠       ≠       =
sway1 to xpln1  ≠       ≠       =
sway2 to xpln2  ≠       ≠       =
sway1 to top    ≠       ≠       ≠

        1       top      *                  |                    ['  0', '  0', '  0', ' 0', ' 83.33']
        1       sway2    ----*--------------|--------            ['  29.644', '  29.644', '  29.644', ' 59.1005', ' 59.1005']
        1       sway1    -----*-            |                    ['  31.1035', '  31.1035', '  57.925', ' 57.925', ' 57.925']
        2       xpln1          *  --     ---|-                   ['  32.38', '  32.38', '  56.855', ' 56.855', ' 56.855']
        3       xpln2         ----*         |                    ['  36.43', '  36.43', '  36.43', ' 59.991', ' 59.991']
        4       all                         |                   *['  92.29', '  17.79', '  92.29', ' 92.29', ' 92.29']
