          MRE-    ACC+    PRED40+    avg num_evals
-----  -------  ------  ---------  ---------------
all      82.32    5.15       22.1                0
sway1   91.987   2.286    26.5965                8
sway2  95.3415  1.3375    26.0105                8
xpln1   91.918   2.363    26.4365                8
xpln2   92.889   2.437    26.9816                8
top        100       0       37.5            10000

                MRE-    ACC+    PRED40+
--------------  ------  ------  ---------
all to all      =       =       =
all to sway1    ≠       ≠       =
sway1 to sway2  ≠       ≠       =
sway1 to xpln1  ≠       ≠       =
sway2 to xpln2  ≠       ≠       =
sway1 to top    ≠       ≠       ≠

        1       all      *                  |                    ['  22.1', '  22.1', '  82.32', ' 82.32', ' 82.32']
        1       sway2             -*        |                    ['  26.0105', '  26.0105', '  95.3415', ' 95.3415', ' 95.3415']
        1       xpln1             -*        |                    ['  26.4365', '  26.4365', '  91.918', ' 91.918', ' 91.918']
        1       sway1              *        |                    ['  26.5965', '  26.5965', '  91.987', ' 91.987', ' 91.987']
        1       xpln2              -*       |                    ['  26.9816', '  26.9816', '  92.889', ' 92.889', ' 92.889']
        2       top                         |                   *['  37.5', '  37.5', '  100', ' 100', ' 100']
