         Kloc+    Effort-    Defects-    Months-    avg num_evals
-----  -------  ---------  ----------  ---------  ---------------
all      94.02     624.41     3761.76      24.18                0
sway1  151.756    1329.66     6699.34    32.2455                5
sway2  477.096       3284       23026     57.294              2.5
xpln1  125.107    1030.08     5399.23    29.0425                5
xpln2  224.007    1622.37     10143.7    37.4005              2.5
top     290.12    3560.86     11738.2     44.988               93

                Kloc+    Effort-    Defects-    Months-
--------------  -------  ---------  ----------  ---------
all to all      =        =          =           =
all to sway1    ≠        ≠          ≠           ≠
sway1 to sway2  ≠        ≠          ≠           ≠
sway1 to xpln1  ≠        ≠          ≠           ≠
sway2 to xpln2  ≠        ≠          ≠           ≠
sway1 to top    ≠        ≠          ≠           ≠

        1       all    -----   *------    |                   ['  24.18', '  24.18', '  94.02', '  94.02', '  94.02']
        1       sway2  ------    *---     |                   ['  51.734', '  51.734', '  51.734', '  51.734', '  51.734']
        2       xpln2             --------*-----              ['  210.47', '  210.47', '  210.47', '  210.47', '  210.47']
        2       xpln1                     |   ------    *---- ['  852.591', '  852.591', '  852.591', '  852.591', '  852.591']
        2       sway1                     |   ------    *---- ['  5171.27', '  5171.27', '  5171.27', '  5171.27', ' 5171.27']
        2       top.              ---  ---|----------*-       ['  11738.2', '  11738.2', '  11738.2', '  11738.2', ' 11738.2']
