         Cost-    Completion+    Idle-    avg num_evals
-----  -------  -------------  -------  ---------------
all     369.99           0.87     0.24                0
sway1  532.587          0.886   0.2595                8
sway2  470.759          0.876   0.2515                8
xpln1  353.892         0.8695   0.2505                8
xpln2  353.892          0.895   0.4350                8
top    949.525           0.95     0.53            10000

                Cost-    Completion+    Idle-
--------------  -------  -------------  -------
all to all      =        =              =
all to sway1    ≠        ≠              ≠
sway1 to sway2  ≠        ≠              ≠
sway1 to xpln1  ≠        ≠              ≠
sway2 to xpln2  ≠        ≠              ≠
sway1 to top    ≠        ≠              ≠

        1       all       -----   *------    |                      ['  0.24', '  0.24', '  0.24', ' 0.24', ' 0.24']
        1       xpln1      ------    *---    |                      ['  0.2505', '  0.2505', '  0.8695', ' 0.2505', ' 0.2505']
        2       sway2         --------*----- |                      ['  0.2515', '  0.2515', '  0.876', ' 0.876', ' 0.876']
        2       sway1                     *- |  ------   ---        ['  0.2595', '  0.2595', '  0.886', '  0.886', '  0.886']
        3       xpln2                        |        -----  *----  ['  0.4350', '  0.4350', '  0.895', ' 0.895', ' 0.895']
        4       top                          |                    -*['  0.53', '  0.95', '  0.95', ' 0.95', ' 0.95']
