         NUMBERITERATIONS-    TIMETOSOLUTION-    avg num_evals
-----  -------------------  -----------------  ---------------
all                  30.94             506.07                0
sway1              143.442            2354.21               10
sway2              427.337            13904.3             6.85
xpln1              95.9625            1431.07               10
xpln2              133.679            2513.66             6.85
top                    501            15521.8           239360

                NUMBERITERATIONS-    TIMETOSOLUTION-
--------------  -------------------  -----------------
all to all      =                    =
all to sway1    ≠                    ≠
sway1 to sway2  ≠                    ≠
sway1 to xpln1  ≠                    ≠
sway2 to xpln2  ≠                    ≠
sway1 to top    ≠                    ≠

        1       all      *                  |                    ['  30.94', '  30.94', '  30.94', ' 506.07', ' 506.07']
        1       xpln1      *--------        |                    ['  95.9625', '  95.9625', '  95.9625', ' 1431.07', ' 1431.07']
        1       xpln2           -  *        |                    ['  133.679', '  133.679', '  133.679', ' 133.679', ' 2513.66']
        1       sway1                   *   |                    ['  143.442', '  143.442', '  143.442', '  2354.21', '  2354.21']
        1       sway2                       |           -*-      ['  427.337', '  427.337', '  427.337', ' 13904.3', ' 13904.3']
        1       top                         |                   *['  501', '  501', '  501', ' 15521.8', ' 15521.8']
