         PSNR-    Energy-    avg num_evals
-----  -------  ---------  ---------------
all      44.53       1658                0
sway1   44.715    4181.75                9
sway2  48.4015    7334.84              6.3
xpln1  44.2995    2793.74                9
xpln2  44.0605     3116.4              6.3
top    64.8655    8198.37            53662

                PSNR-    Energy-
--------------  -------  ---------
all to all      =        =
all to sway1    ≠        ≠
sway1 to sway2  ≠        ≠
sway1 to xpln1  ≠        ≠
sway2 to xpln2  ≠        ≠
sway1 to top    ≠        ≠

        1       sway1    *                  |                    ['  44.715', '  44.715', '  4181.75', '  4181.75', '  4181.75']
        1       all              *  --------|-                   ['  44.53', '  44.53', '  1658', '  1658', '  1658']
        1       xpln1            * ---------|----                ['  44.2995', '  44.2995', '  2793.74', '  2793.74', '  2793.74']
        2       xpln2            -----------|*-------------------['  44.0605', '  44.0605', '  3116.4', '  3116.4', '  3116.4']
        3       sway2                       |                   *['  48.4015', '  48.4015', '  7334.84', '  7334.84', '  7334.84']
        4       top.             -----------|*-------------------['  64.865', '  64.865', '  8198.37', '  8198.37', '  8198.37']
